Change Physical Footprint: Designator=D1 Old Footprint=D_SOD123 New Footprint=D_SOD123
Change Physical Footprint: Designator=D2 Old Footprint=D_SOD123 New Footprint=D_SOD123
Change Physical Footprint: Designator=D3 Old Footprint=D_SOD123 New Footprint=D_SOD123
Change Physical Footprint: Designator=D4 Old Footprint=D_SOD123 New Footprint=D_SOD123
Change Physical Footprint: Designator=D5 Old Footprint=D_SOD123 New Footprint=D_SOD123
Change Physical Footprint: Designator=D6 Old Footprint=D_SOD123 New Footprint=D_SOD123
Change Physical Footprint: Designator=D7 Old Footprint=D_SOD123 New Footprint=D_SOD123
Change Physical Footprint: Designator=D8 Old Footprint=D_SOD123 New Footprint=D_SOD123
Change Physical Footprint: Designator=D9 Old Footprint=D_SOD123 New Footprint=D_SOD123
Change Physical Footprint: Designator=D10 Old Footprint=D_SOD123 New Footprint=D_SOD123
Change Physical Footprint: Designator=D11 Old Footprint=D_SOD123 New Footprint=D_SOD123
Change Physical Footprint: Designator=D12 Old Footprint=D_SOD123 New Footprint=D_SOD123
Change Physical Footprint: Designator=D13 Old Footprint=D_SOD123 New Footprint=D_SOD123
Change Physical Footprint: Designator=D14 Old Footprint=D_SOD123 New Footprint=D_SOD123
Change Physical Footprint: Designator=D15 Old Footprint=D_SOD123 New Footprint=D_SOD123
Change Physical Footprint: Designator=D16 Old Footprint=D_SOD123 New Footprint=D_SOD123
Change Physical Footprint: Designator=D17 Old Footprint=D_SOD123 New Footprint=D_SOD123
Change Physical Footprint: Designator=D18 Old Footprint=D_SOD123 New Footprint=D_SOD123
Change Physical Footprint: Designator=D19 Old Footprint=D_SOD123 New Footprint=D_SOD123
Change Physical Footprint: Designator=D20 Old Footprint=D_SOD123 New Footprint=D_SOD123
Change Physical Footprint: Designator=D21 Old Footprint=D_SOD123 New Footprint=D_SOD123
Change Physical Footprint: Designator=D22 Old Footprint=D_SOD123 New Footprint=D_SOD123
Change Physical Footprint: Designator=D23 Old Footprint=D_SOD123 New Footprint=D_SOD123
Change Physical Footprint: Designator=D24 Old Footprint=D_SOD123 New Footprint=D_SOD123
Change Physical Footprint: Designator=D25 Old Footprint=D_SOD123 New Footprint=D_SOD123
Change Physical Footprint: Designator=D26 Old Footprint=D_SOD123 New Footprint=D_SOD123
Change Physical Footprint: Designator=D27 Old Footprint=D_SOD123 New Footprint=D_SOD123
Change Physical Footprint: Designator=D28 Old Footprint=D_SOD123 New Footprint=D_SOD123
Change Physical Footprint: Designator=D29 Old Footprint=D_SOD123 New Footprint=D_SOD123
Change Physical Footprint: Designator=D30 Old Footprint=D_SOD123 New Footprint=D_SOD123
Change Physical Footprint: Designator=J2 Old Footprint=TRRS New Footprint=TRRS
Change Physical Footprint: Designator=JP9 Old Footprint=JUMPER_Triangle New Footprint=JUMPER_Triangle
Change Physical Footprint: Designator=JP10 Old Footprint=JUMPER_Triangle New Footprint=JUMPER_Triangle
Change Physical Footprint: Designator=R1 Old Footprint=RESISTOR New Footprint=RESISTOR
Change Physical Footprint: Designator=R2 Old Footprint=RESISTOR New Footprint=RESISTOR
Change Physical Footprint: Designator=SW1 Old Footprint=1u-CherryMX-Hotswap-Dualside New Footprint=1u-CherryMX-Hotswap-Dualside
Change Physical Footprint: Designator=SW2 Old Footprint=1u-CherryMX-Hotswap-Dualside New Footprint=1u-CherryMX-Hotswap-Dualside
Change Physical Footprint: Designator=SW3 Old Footprint=1u-CherryMX-Hotswap-Dualside New Footprint=1u-CherryMX-Hotswap-Dualside
Change Physical Footprint: Designator=SW4 Old Footprint=1u-CherryMX-Hotswap-Dualside New Footprint=1u-CherryMX-Hotswap-Dualside
Change Physical Footprint: Designator=SW5 Old Footprint=1u-CherryMX-Hotswap-Dualside New Footprint=1u-CherryMX-Hotswap-Dualside
Change Physical Footprint: Designator=SW6 Old Footprint=1.5u-CHERRYmx-hotswap-dualside New Footprint=1.5u-CHERRYmx-hotswap-dualside
Change Physical Footprint: Designator=SW7 Old Footprint=1u-CherryMX-Hotswap-Dualside New Footprint=1u-CherryMX-Hotswap-Dualside
Change Physical Footprint: Designator=SW8 Old Footprint=1u-CherryMX-Hotswap-Dualside New Footprint=1u-CherryMX-Hotswap-Dualside
Change Physical Footprint: Designator=SW9 Old Footprint=1u-CherryMX-Hotswap-Dualside New Footprint=1u-CherryMX-Hotswap-Dualside
Change Physical Footprint: Designator=SW10 Old Footprint=1u-CherryMX-Hotswap-Dualside New Footprint=1u-CherryMX-Hotswap-Dualside
Change Physical Footprint: Designator=SW11 Old Footprint=1u-CherryMX-Hotswap-Dualside New Footprint=1u-CherryMX-Hotswap-Dualside
Change Physical Footprint: Designator=SW12 Old Footprint=1.5u-CHERRYmx-hotswap-dualside New Footprint=1.5u-CHERRYmx-hotswap-dualside
Change Physical Footprint: Designator=SW13 Old Footprint=1u-CherryMX-Hotswap-Dualside New Footprint=1u-CherryMX-Hotswap-Dualside
Change Physical Footprint: Designator=SW14 Old Footprint=1u-CherryMX-Hotswap-Dualside New Footprint=1u-CherryMX-Hotswap-Dualside
Change Physical Footprint: Designator=SW15 Old Footprint=1u-CherryMX-Hotswap-Dualside New Footprint=1u-CherryMX-Hotswap-Dualside
Change Physical Footprint: Designator=SW16 Old Footprint=1u-CherryMX-Hotswap-Dualside New Footprint=1u-CherryMX-Hotswap-Dualside
Change Physical Footprint: Designator=SW17 Old Footprint=1u-CherryMX-Hotswap-Dualside New Footprint=1u-CherryMX-Hotswap-Dualside
Change Physical Footprint: Designator=SW18 Old Footprint=1.5u-CHERRYmx-hotswap-dualside New Footprint=1.5u-CHERRYmx-hotswap-dualside
Change Physical Footprint: Designator=SW19 Old Footprint=1u-CherryMX-Hotswap-Dualside New Footprint=1u-CherryMX-Hotswap-Dualside
Change Physical Footprint: Designator=SW20 Old Footprint=1u-CherryMX-Hotswap-Dualside New Footprint=1u-CherryMX-Hotswap-Dualside
Change Physical Footprint: Designator=SW21 Old Footprint=1u-CherryMX-Hotswap-Dualside New Footprint=1u-CherryMX-Hotswap-Dualside
Change Physical Footprint: Designator=SW22 Old Footprint=1u-CherryMX-Hotswap-Dualside New Footprint=1u-CherryMX-Hotswap-Dualside
Change Physical Footprint: Designator=SW23 Old Footprint=1u-CherryMX-Hotswap-Dualside New Footprint=1u-CherryMX-Hotswap-Dualside
Change Physical Footprint: Designator=SW24 Old Footprint=1.5u-CHERRYmx-hotswap-dualside New Footprint=1.5u-CHERRYmx-hotswap-dualside
Change Physical Footprint: Designator=SW25 Old Footprint=1u-CherryMX-Hotswap-Dualside New Footprint=1u-CherryMX-Hotswap-Dualside
Change Physical Footprint: Designator=SW27 Old Footprint=1.5u-CHERRYmx-hotswap-dualside New Footprint=1.5u-CHERRYmx-hotswap-dualside
Change Physical Footprint: Designator=SW28 Old Footprint=1u-CherryMX-Hotswap-Dualside New Footprint=1u-CherryMX-Hotswap-Dualside
Change Physical Footprint: Designator=SW29 Old Footprint=1u-CherryMX-Hotswap-Dualside New Footprint=1u-CherryMX-Hotswap-Dualside
Change Physical Footprint: Designator=SW30 Old Footprint=1u-CherryMX-Hotswap-Dualside New Footprint=1u-CherryMX-Hotswap-Dualside
