Added Component: Designator=U(ProMicro)
Added Pin To Net: NetName=LED Pin=U-1
Added Pin To Net: NetName=LED Pin=U-1
Added Pin To Net: NetName=DATA Pin=U-2
Added Pin To Net: NetName=DATA Pin=U-2
Added Pin To Net: NetName=GND Pin=U-3
Added Pin To Net: NetName=GND Pin=U-3
Added Pin To Net: NetName=GND Pin=U-4
Added Pin To Net: NetName=GND Pin=U-4
Added Pin To Net: NetName=SDA Pin=U-5
Added Pin To Net: NetName=SDA Pin=U-5
Added Pin To Net: NetName=SCL Pin=U-6
Added Pin To Net: NetName=SCL Pin=U-6
Added Pin To Net: NetName=row0 Pin=U-8
Added Pin To Net: NetName=row0 Pin=U-8
Added Pin To Net: NetName=row1 Pin=U-9
Added Pin To Net: NetName=row1 Pin=U-9
Added Pin To Net: NetName=row2 Pin=U-10
Added Pin To Net: NetName=row2 Pin=U-10
Added Pin To Net: NetName=row2 Pin=U-11
Added Pin To Net: NetName=row2 Pin=U-11
Added Pin To Net: NetName=row4 Pin=U-12
Added Pin To Net: NetName=row4 Pin=U-12
Added Pin To Net: NetName=col5 Pin=U-13
Added Pin To Net: NetName=col5 Pin=U-13
Added Pin To Net: NetName=col4 Pin=U-14
Added Pin To Net: NetName=col4 Pin=U-14
Added Pin To Net: NetName=col3 Pin=U-15
Added Pin To Net: NetName=col3 Pin=U-15
Added Pin To Net: NetName=col2 Pin=U-16
Added Pin To Net: NetName=col2 Pin=U-16
Added Pin To Net: NetName=col1 Pin=U-17
Added Pin To Net: NetName=col1 Pin=U-17
Added Pin To Net: NetName=col0 Pin=U-18
Added Pin To Net: NetName=col0 Pin=U-18
Added Pin To Net: NetName=ENCB Pin=U-19
Added Pin To Net: NetName=ENCB Pin=U-19
Added Pin To Net: NetName=ENCA Pin=U-20
Added Pin To Net: NetName=ENCA Pin=U-20
Added Pin To Net: NetName=VCC Pin=U-21
Added Pin To Net: NetName=VCC Pin=U-21
Added Pin To Net: NetName=RESET Pin=U-22
Added Pin To Net: NetName=RESET Pin=U-22
Added Pin To Net: NetName=GND Pin=U-23
Added Pin To Net: NetName=GND Pin=U-23
Added Member To Class: ClassName=Ryu Member=Component U ProMicro
