Replace Part D1 D in C:\Users\storm\Documents\GitHub\ryuboard\RyuBoard v2.0\Ryu.SchDoc with D from RyuSch.SchLib
Replace Part D2 D in C:\Users\storm\Documents\GitHub\ryuboard\RyuBoard v2.0\Ryu.SchDoc with D from RyuSch.SchLib
Replace Part D3 D in C:\Users\storm\Documents\GitHub\ryuboard\RyuBoard v2.0\Ryu.SchDoc with D from RyuSch.SchLib
Replace Part D4 D in C:\Users\storm\Documents\GitHub\ryuboard\RyuBoard v2.0\Ryu.SchDoc with D from RyuSch.SchLib
Replace Part D5 D in C:\Users\storm\Documents\GitHub\ryuboard\RyuBoard v2.0\Ryu.SchDoc with D from RyuSch.SchLib
Replace Part D6 D in C:\Users\storm\Documents\GitHub\ryuboard\RyuBoard v2.0\Ryu.SchDoc with D from RyuSch.SchLib
Replace Part D7 D in C:\Users\storm\Documents\GitHub\ryuboard\RyuBoard v2.0\Ryu.SchDoc with D from RyuSch.SchLib
Replace Part D8 D in C:\Users\storm\Documents\GitHub\ryuboard\RyuBoard v2.0\Ryu.SchDoc with D from RyuSch.SchLib
Replace Part D9 D in C:\Users\storm\Documents\GitHub\ryuboard\RyuBoard v2.0\Ryu.SchDoc with D from RyuSch.SchLib
Replace Part D10 D in C:\Users\storm\Documents\GitHub\ryuboard\RyuBoard v2.0\Ryu.SchDoc with D from RyuSch.SchLib
Replace Part D11 D in C:\Users\storm\Documents\GitHub\ryuboard\RyuBoard v2.0\Ryu.SchDoc with D from RyuSch.SchLib
Replace Part D12 D in C:\Users\storm\Documents\GitHub\ryuboard\RyuBoard v2.0\Ryu.SchDoc with D from RyuSch.SchLib
Replace Part D13 D in C:\Users\storm\Documents\GitHub\ryuboard\RyuBoard v2.0\Ryu.SchDoc with D from RyuSch.SchLib
Replace Part D14 D in C:\Users\storm\Documents\GitHub\ryuboard\RyuBoard v2.0\Ryu.SchDoc with D from RyuSch.SchLib
Replace Part D15 D in C:\Users\storm\Documents\GitHub\ryuboard\RyuBoard v2.0\Ryu.SchDoc with D from RyuSch.SchLib
Replace Part D16 D in C:\Users\storm\Documents\GitHub\ryuboard\RyuBoard v2.0\Ryu.SchDoc with D from RyuSch.SchLib
Replace Part D17 D in C:\Users\storm\Documents\GitHub\ryuboard\RyuBoard v2.0\Ryu.SchDoc with D from RyuSch.SchLib
Replace Part D18 D in C:\Users\storm\Documents\GitHub\ryuboard\RyuBoard v2.0\Ryu.SchDoc with D from RyuSch.SchLib
Replace Part D19 D in C:\Users\storm\Documents\GitHub\ryuboard\RyuBoard v2.0\Ryu.SchDoc with D from RyuSch.SchLib
Replace Part D20 D in C:\Users\storm\Documents\GitHub\ryuboard\RyuBoard v2.0\Ryu.SchDoc with D from RyuSch.SchLib
Replace Part D21 D in C:\Users\storm\Documents\GitHub\ryuboard\RyuBoard v2.0\Ryu.SchDoc with D from RyuSch.SchLib
Replace Part D22 D in C:\Users\storm\Documents\GitHub\ryuboard\RyuBoard v2.0\Ryu.SchDoc with D from RyuSch.SchLib
Replace Part D23 D in C:\Users\storm\Documents\GitHub\ryuboard\RyuBoard v2.0\Ryu.SchDoc with D from RyuSch.SchLib
Replace Part D24 D in C:\Users\storm\Documents\GitHub\ryuboard\RyuBoard v2.0\Ryu.SchDoc with D from RyuSch.SchLib
Replace Part D25 D in C:\Users\storm\Documents\GitHub\ryuboard\RyuBoard v2.0\Ryu.SchDoc with D from RyuSch.SchLib
Replace Part D26 D in C:\Users\storm\Documents\GitHub\ryuboard\RyuBoard v2.0\Ryu.SchDoc with D from RyuSch.SchLib
Replace Part D27 D in C:\Users\storm\Documents\GitHub\ryuboard\RyuBoard v2.0\Ryu.SchDoc with D from RyuSch.SchLib
Replace Part D28 D in C:\Users\storm\Documents\GitHub\ryuboard\RyuBoard v2.0\Ryu.SchDoc with D from RyuSch.SchLib
Replace Part D29 D in C:\Users\storm\Documents\GitHub\ryuboard\RyuBoard v2.0\Ryu.SchDoc with D from RyuSch.SchLib
Replace Part D30 D in C:\Users\storm\Documents\GitHub\ryuboard\RyuBoard v2.0\Ryu.SchDoc with D from RyuSch.SchLib
Replace Part J1 LED in C:\Users\storm\Documents\GitHub\ryuboard\RyuBoard v2.0\Ryu.SchDoc with LED from RyuSch.SchLib
Replace Part J2 4PIN in C:\Users\storm\Documents\GitHub\ryuboard\RyuBoard v2.0\Ryu.SchDoc with 4PIN from RyuSch.SchLib
Replace Part J3 OLED in C:\Users\storm\Documents\GitHub\ryuboard\RyuBoard v2.0\Ryu.SchDoc with OLED from RyuSch.SchLib
Replace Part JP1 JP in C:\Users\storm\Documents\GitHub\ryuboard\RyuBoard v2.0\Ryu.SchDoc with JP from RyuSch.SchLib
Replace Part JP2 JP in C:\Users\storm\Documents\GitHub\ryuboard\RyuBoard v2.0\Ryu.SchDoc with JP from RyuSch.SchLib
Replace Part JP3 JP in C:\Users\storm\Documents\GitHub\ryuboard\RyuBoard v2.0\Ryu.SchDoc with JP from RyuSch.SchLib
Replace Part JP4 JP in C:\Users\storm\Documents\GitHub\ryuboard\RyuBoard v2.0\Ryu.SchDoc with JP from RyuSch.SchLib
Replace Part JP5 JP in C:\Users\storm\Documents\GitHub\ryuboard\RyuBoard v2.0\Ryu.SchDoc with JP from RyuSch.SchLib
Replace Part JP6 JP in C:\Users\storm\Documents\GitHub\ryuboard\RyuBoard v2.0\Ryu.SchDoc with JP from RyuSch.SchLib
Replace Part JP7 JP in C:\Users\storm\Documents\GitHub\ryuboard\RyuBoard v2.0\Ryu.SchDoc with JP from RyuSch.SchLib
Replace Part JP8 JP in C:\Users\storm\Documents\GitHub\ryuboard\RyuBoard v2.0\Ryu.SchDoc with JP from RyuSch.SchLib
Replace Part JP9 JP in C:\Users\storm\Documents\GitHub\ryuboard\RyuBoard v2.0\Ryu.SchDoc with JP from RyuSch.SchLib
Replace Part JP10 JP_C in C:\Users\storm\Documents\GitHub\ryuboard\RyuBoard v2.0\Ryu.SchDoc with JP_C from RyuSch.SchLib
Replace Part JP11 JP in C:\Users\storm\Documents\GitHub\ryuboard\RyuBoard v2.0\Ryu.SchDoc with JP from RyuSch.SchLib
Replace Part R1 R in C:\Users\storm\Documents\GitHub\ryuboard\RyuBoard v2.0\Ryu.SchDoc with R from RyuSch.SchLib
Replace Part R2 R in C:\Users\storm\Documents\GitHub\ryuboard\RyuBoard v2.0\Ryu.SchDoc with R from RyuSch.SchLib
Replace Part RES SW in C:\Users\storm\Documents\GitHub\ryuboard\RyuBoard v2.0\Ryu.SchDoc with SW from RyuSch.SchLib
Replace Part RSW1 SW_RST in C:\Users\storm\Documents\GitHub\ryuboard\RyuBoard v2.0\Ryu.SchDoc with SW_RST from RyuSch.SchLib
Replace Part SW1 SW_PUSH in C:\Users\storm\Documents\GitHub\ryuboard\RyuBoard v2.0\Ryu.SchDoc with SW_PUSH from RyuSch.SchLib
Replace Part SW2 SW_PUSH in C:\Users\storm\Documents\GitHub\ryuboard\RyuBoard v2.0\Ryu.SchDoc with SW_PUSH from RyuSch.SchLib
Replace Part SW3 SW_PUSH in C:\Users\storm\Documents\GitHub\ryuboard\RyuBoard v2.0\Ryu.SchDoc with SW_PUSH from RyuSch.SchLib
Replace Part SW4 SW_PUSH in C:\Users\storm\Documents\GitHub\ryuboard\RyuBoard v2.0\Ryu.SchDoc with SW_PUSH from RyuSch.SchLib
Replace Part SW5 SW_PUSH in C:\Users\storm\Documents\GitHub\ryuboard\RyuBoard v2.0\Ryu.SchDoc with SW_PUSH from RyuSch.SchLib
Replace Part SW6 SW_PUSH in C:\Users\storm\Documents\GitHub\ryuboard\RyuBoard v2.0\Ryu.SchDoc with SW_PUSH from RyuSch.SchLib
Replace Part SW7 SW_PUSH in C:\Users\storm\Documents\GitHub\ryuboard\RyuBoard v2.0\Ryu.SchDoc with SW_PUSH from RyuSch.SchLib
Replace Part SW8 SW_PUSH in C:\Users\storm\Documents\GitHub\ryuboard\RyuBoard v2.0\Ryu.SchDoc with SW_PUSH from RyuSch.SchLib
Replace Part SW9 SW_PUSH in C:\Users\storm\Documents\GitHub\ryuboard\RyuBoard v2.0\Ryu.SchDoc with SW_PUSH from RyuSch.SchLib
Replace Part SW10 SW_PUSH in C:\Users\storm\Documents\GitHub\ryuboard\RyuBoard v2.0\Ryu.SchDoc with SW_PUSH from RyuSch.SchLib
Replace Part SW11 SW_PUSH in C:\Users\storm\Documents\GitHub\ryuboard\RyuBoard v2.0\Ryu.SchDoc with SW_PUSH from RyuSch.SchLib
Replace Part SW12 SW_PUSH in C:\Users\storm\Documents\GitHub\ryuboard\RyuBoard v2.0\Ryu.SchDoc with SW_PUSH from RyuSch.SchLib
Replace Part SW13 SW_PUSH in C:\Users\storm\Documents\GitHub\ryuboard\RyuBoard v2.0\Ryu.SchDoc with SW_PUSH from RyuSch.SchLib
Replace Part SW14 SW_PUSH in C:\Users\storm\Documents\GitHub\ryuboard\RyuBoard v2.0\Ryu.SchDoc with SW_PUSH from RyuSch.SchLib
Replace Part SW15 SW_PUSH in C:\Users\storm\Documents\GitHub\ryuboard\RyuBoard v2.0\Ryu.SchDoc with SW_PUSH from RyuSch.SchLib
Replace Part SW16 SW_PUSH in C:\Users\storm\Documents\GitHub\ryuboard\RyuBoard v2.0\Ryu.SchDoc with SW_PUSH from RyuSch.SchLib
Replace Part SW17 SW_PUSH in C:\Users\storm\Documents\GitHub\ryuboard\RyuBoard v2.0\Ryu.SchDoc with SW_PUSH from RyuSch.SchLib
Replace Part SW18 SW_PUSH in C:\Users\storm\Documents\GitHub\ryuboard\RyuBoard v2.0\Ryu.SchDoc with SW_PUSH from RyuSch.SchLib
Replace Part SW19 SW_PUSH in C:\Users\storm\Documents\GitHub\ryuboard\RyuBoard v2.0\Ryu.SchDoc with SW_PUSH from RyuSch.SchLib
Replace Part SW20 SW_PUSH in C:\Users\storm\Documents\GitHub\ryuboard\RyuBoard v2.0\Ryu.SchDoc with SW_PUSH from RyuSch.SchLib
Replace Part SW21 SW_PUSH in C:\Users\storm\Documents\GitHub\ryuboard\RyuBoard v2.0\Ryu.SchDoc with SW_PUSH from RyuSch.SchLib
Replace Part SW22 SW_PUSH in C:\Users\storm\Documents\GitHub\ryuboard\RyuBoard v2.0\Ryu.SchDoc with SW_PUSH from RyuSch.SchLib
Replace Part SW23 SW_PUSH in C:\Users\storm\Documents\GitHub\ryuboard\RyuBoard v2.0\Ryu.SchDoc with SW_PUSH from RyuSch.SchLib
Replace Part SW24 SW_PUSH in C:\Users\storm\Documents\GitHub\ryuboard\RyuBoard v2.0\Ryu.SchDoc with SW_PUSH from RyuSch.SchLib
Replace Part SW25 SW_PUSH in C:\Users\storm\Documents\GitHub\ryuboard\RyuBoard v2.0\Ryu.SchDoc with SW_PUSH from RyuSch.SchLib
Replace Part SW27 SW_PUSH in C:\Users\storm\Documents\GitHub\ryuboard\RyuBoard v2.0\Ryu.SchDoc with SW_PUSH from RyuSch.SchLib
Replace Part SW28 SW_PUSH in C:\Users\storm\Documents\GitHub\ryuboard\RyuBoard v2.0\Ryu.SchDoc with SW_PUSH from RyuSch.SchLib
Replace Part SW29 SW_PUSH in C:\Users\storm\Documents\GitHub\ryuboard\RyuBoard v2.0\Ryu.SchDoc with SW_PUSH from RyuSch.SchLib
Replace Part SW30 SW_PUSH in C:\Users\storm\Documents\GitHub\ryuboard\RyuBoard v2.0\Ryu.SchDoc with SW_PUSH from RyuSch.SchLib
Replace Part TH1 HOLE in C:\Users\storm\Documents\GitHub\ryuboard\RyuBoard v2.0\Ryu.SchDoc with HOLE from RyuSch.SchLib
Replace Part TH2 HOLE in C:\Users\storm\Documents\GitHub\ryuboard\RyuBoard v2.0\Ryu.SchDoc with HOLE from RyuSch.SchLib
Replace Part TH3 HOLE in C:\Users\storm\Documents\GitHub\ryuboard\RyuBoard v2.0\Ryu.SchDoc with HOLE from RyuSch.SchLib
Replace Part TH4 HOLE in C:\Users\storm\Documents\GitHub\ryuboard\RyuBoard v2.0\Ryu.SchDoc with HOLE from RyuSch.SchLib
Replace Part TH5 HOLE in C:\Users\storm\Documents\GitHub\ryuboard\RyuBoard v2.0\Ryu.SchDoc with HOLE from RyuSch.SchLib
Replace Part U ProMicro in C:\Users\storm\Documents\GitHub\ryuboard\RyuBoard v2.0\Ryu.SchDoc with ProMicro from RyuSch.SchLib
